<?xml version="1.0" encoding="UTF-8"?>
<!-- Generated by org.testng.reporters.JUnitReportReporter -->
<testsuite hostname="IBM-DX261F3" name="restAssuredProject.RaProject" tests="5" failures="0" timestamp="1 Jul 2022 11:12:09 GMT" time="11.007" errors="0">
  <testcase name="firstDELETE" time="1.539" classname="restAssuredProject.RaProject"/>
  <testcase name="firstPOST" time="4.070" classname="restAssuredProject.RaProject"/>
  <testcase name="firstPUT" time="1.460" classname="restAssuredProject.RaProject"/>
  <testcase name="login" time="1.470" classname="restAssuredProject.RaProject"/>
  <testcase name="anotherGET" time="2.468" classname="restAssuredProject.RaProject"/>
</testsuite> <!-- restAssuredProject.RaProject -->
