<?xml version="1.0" encoding="UTF-8"?>
<!-- Generated by org.testng.reporters.JUnitReportReporter -->
<testsuite hostname="IBM-DX261F3" name="restAssuredProject.D_01072022" tests="7" failures="0" timestamp="1 Jul 2022 07:28:35 GMT" time="3.151" errors="0">
  <testcase name="firstPOST" time="2.347" classname="restAssuredProject.D_01072022"/>
  <testcase name="anotherGET" time="0.563" classname="restAssuredProject.D_01072022"/>
  <testcase name="firstPUT" time="0.049" classname="restAssuredProject.D_01072022"/>
  <testcase name="firstPOST" time="0.024" classname="restAssuredProject.D_01072022"/>
  <testcase name="firstDELETE" time="0.060" classname="restAssuredProject.D_01072022"/>
  <testcase name="firstDELETE" time="0.023" classname="restAssuredProject.D_01072022"/>
  <testcase name="firstPUT" time="0.085" classname="restAssuredProject.D_01072022"/>
</testsuite> <!-- restAssuredProject.D_01072022 -->
