<?xml version="1.0" encoding="UTF-8"?>
<!-- Generated by org.testng.reporters.JUnitReportReporter -->
<testsuite hostname="IBM-DX261F3" name="restAssuredProject.RaProject" tests="3" failures="0" timestamp="1 Jul 2022 09:46:10 GMT" time="6.158" errors="0">
  <testcase name="anotherGET" time="1.458" classname="restAssuredProject.RaProject"/>
  <testcase name="firstPOST" time="3.271" classname="restAssuredProject.RaProject"/>
  <testcase name="firstPUT" time="1.429" classname="restAssuredProject.RaProject"/>
</testsuite> <!-- restAssuredProject.RaProject -->
