<?xml version="1.0" encoding="UTF-8"?>
<!-- Generated by org.testng.reporters.JUnitReportReporter -->
<testsuite hostname="IBM-DX261F3" name="restAssuredProject.TestRun" tests="3" failures="0" timestamp="1 Jul 2022 05:03:53 GMT" time="2.206" errors="0">
  <testcase name="anotherGET" time="0.059" classname="restAssuredProject.TestRun"/>
  <testcase name="dryRun" time="0.001" classname="restAssuredProject.TestRun"/>
  <testcase name="firstPOST" time="2.146" classname="restAssuredProject.TestRun"/>
</testsuite> <!-- restAssuredProject.TestRun -->
