<?xml version="1.0" encoding="UTF-8"?>
<!-- Generated by org.testng.reporters.JUnitReportReporter -->
<testsuite hostname="IBM-DX261F3" name="restAssuredProject.RaProject" tests="4" failures="0" timestamp="1 Jul 2022 09:48:20 GMT" time="7.574" errors="0">
  <testcase name="firstPOST" time="3.331" classname="restAssuredProject.RaProject"/>
  <testcase name="firstPUT" time="1.435" classname="restAssuredProject.RaProject"/>
  <testcase name="anotherGET" time="1.423" classname="restAssuredProject.RaProject"/>
  <testcase name="firstDELETE" time="1.385" classname="restAssuredProject.RaProject"/>
</testsuite> <!-- restAssuredProject.RaProject -->
