<?xml version="1.0" encoding="UTF-8"?>
<!-- Generated by org.testng.reporters.JUnitReportReporter -->
<testsuite hostname="IBM-DX261F3" name="restAssuredProject.RaProject" tests="5" failures="0" timestamp="1 Jul 2022 10:10:50 GMT" time="9.066" errors="0">
  <testcase name="firstDELETE" time="1.458" classname="restAssuredProject.RaProject"/>
  <testcase name="firstPOST" time="3.318" classname="restAssuredProject.RaProject"/>
  <testcase name="firstPUT" time="1.494" classname="restAssuredProject.RaProject"/>
  <testcase name="login" time="1.396" classname="restAssuredProject.RaProject"/>
  <testcase name="anotherGET" time="1.400" classname="restAssuredProject.RaProject"/>
</testsuite> <!-- restAssuredProject.RaProject -->
