<?xml version="1.0" encoding="UTF-8"?>
<!-- Generated by org.testng.reporters.JUnitReportReporter -->
<testsuite hostname="IBM-DX261F3" name="restAssuredProject.D_01072022" tests="7" failures="0" timestamp="1 Jul 2022 08:46:40 GMT" time="3.152" errors="0">
  <testcase name="firstPUT" time="0.055" classname="restAssuredProject.D_01072022"/>
  <testcase name="firstDELETE" time="0.017" classname="restAssuredProject.D_01072022"/>
  <testcase name="anotherGET" time="0.560" classname="restAssuredProject.D_01072022"/>
  <testcase name="firstDELETE" time="0.028" classname="restAssuredProject.D_01072022"/>
  <testcase name="firstPUT" time="0.029" classname="restAssuredProject.D_01072022"/>
  <testcase name="firstPOST" time="2.385" classname="restAssuredProject.D_01072022"/>
  <testcase name="firstPOST" time="0.078" classname="restAssuredProject.D_01072022"/>
</testsuite> <!-- restAssuredProject.D_01072022 -->
