<?xml version="1.0" encoding="UTF-8"?>
<!-- Generated by org.testng.reporters.JUnitReportReporter -->
<testsuite hostname="IBM-DX261F3" name="restAssuredProject.D_01072022" tests="4" failures="0" timestamp="1 Jul 2022 05:47:34 GMT" time="3.027" errors="0">
  <testcase name="firstDELETE" time="0.047" classname="restAssuredProject.D_01072022"/>
  <testcase name="firstPOST" time="2.380" classname="restAssuredProject.D_01072022"/>
  <testcase name="firstPUT" time="0.035" classname="restAssuredProject.D_01072022"/>
  <testcase name="anotherGET" time="0.565" classname="restAssuredProject.D_01072022"/>
</testsuite> <!-- restAssuredProject.D_01072022 -->
