<?xml version="1.0" encoding="UTF-8"?>
<!-- Generated by org.testng.reporters.JUnitReportReporter -->
<testsuite hostname="IBM-DX261F3" name="restAssuredProject.RaProject" tests="5" failures="0" timestamp="1 Jul 2022 10:28:27 GMT" time="9.102" errors="0">
  <testcase name="firstPOST" time="3.316" classname="restAssuredProject.RaProject"/>
  <testcase name="anotherGET" time="1.447" classname="restAssuredProject.RaProject"/>
  <testcase name="firstPUT" time="1.466" classname="restAssuredProject.RaProject"/>
  <testcase name="login" time="1.437" classname="restAssuredProject.RaProject"/>
  <testcase name="firstDELETE" time="1.436" classname="restAssuredProject.RaProject"/>
</testsuite> <!-- restAssuredProject.RaProject -->
